<?xml version="1.0" encoding="UTF-8"?>
<testsuite xmlns:xsi="http://www.w3.org/2001/XMLSchema-instance" xsi:noNamespaceSchemaLocation="https://maven.apache.org/surefire/maven-surefire-plugin/xsd/surefire-test-report.xsd" name="com.project.staragile.insureme.InsureMeApplicationTests" time="2.129" tests="3" errors="0" skipped="0" failures="0">
  <properties>
[...]
</properties>
  <testcase name="testCreatePolicy" classname="com.project.staragile.insureme.InsureMeApplicationTests" time="0.052"/>
  <testcase name="testSearchPolicy" classname="com.project.staragile.insureme.InsureMeApplicationTests" time="0.002"/>
  <testcase name="contextLoads" classname="com.project.staragile.insureme.InsureMeApplicationTests" time="0.001"/>
</testsuite>